> Task :checkKotlinGradlePluginConfigurationErrors
> Task :compileKotlin UP-TO-DATE
> Task :compileJava NO-SOURCE
> Task :processResources UP-TO-DATE
> Task :classes UP-TO-DATE
> Task :resolveMainClassName UP-TO-DATE

> Task :bootRun

  .   ____          _            __ _ _
 /\\ / ___'_ __ _ _(_)_ __  __ _ \ \ \ \
( ( )\___ | '_ | '_| | '_ \/ _` | \ \ \ \
 \\/  ___)| |_)| | | | | || (_| |  ) ) ) )
  '  |____| .__|_| |_|_| |_\__, | / / / /
 =========|_|==============|___/=/_/_/_/

 :: Spring Boot ::               (v3.3.10)

2025-03-26T01:09:48.705+09:00  INFO 14900 --- [shop-app] [           main] com.shoptest.ShopTestApplicationKt       : Starting ShopTestApplicationKt using Java 21 with PID 14900 (/Users/yjh/study/shop/shop-test/build/classes/kotlin/main started by yjh in /Users/yjh/study/shop/shop-test)
2025-03-26T01:09:48.707+09:00  INFO 14900 --- [shop-app] [           main] com.shoptest.ShopTestApplicationKt       : The following 1 profile is active: "local"
2025-03-26T01:09:49.242+09:00  INFO 14900 --- [shop-app] [           main] .s.d.r.c.RepositoryConfigurationDelegate : Bootstrapping Spring Data JPA repositories in DEFAULT mode.
2025-03-26T01:09:49.301+09:00  INFO 14900 --- [shop-app] [           main] .s.d.r.c.RepositoryConfigurationDelegate : Finished Spring Data repository scanning in 52 ms. Found 3 JPA repository interfaces.
2025-03-26T01:09:49.667+09:00  INFO 14900 --- [shop-app] [           main] o.s.b.w.embedded.tomcat.TomcatWebServer  : Tomcat initialized with port 8080 (http)
2025-03-26T01:09:49.680+09:00  INFO 14900 --- [shop-app] [           main] o.apache.catalina.core.StandardService   : Starting service [Tomcat]
2025-03-26T01:09:49.680+09:00  INFO 14900 --- [shop-app] [           main] o.apache.catalina.core.StandardEngine    : Starting Servlet engine: [Apache Tomcat/10.1.39]
2025-03-26T01:09:49.718+09:00  INFO 14900 --- [shop-app] [           main] o.a.c.c.C.[Tomcat].[localhost].[/]       : Initializing Spring embedded WebApplicationContext
2025-03-26T01:09:49.719+09:00  INFO 14900 --- [shop-app] [           main] w.s.c.ServletWebServerApplicationContext : Root WebApplicationContext: initialization completed in 967 ms
2025-03-26T01:09:49.842+09:00  INFO 14900 --- [shop-app] [           main] o.hibernate.jpa.internal.util.LogHelper  : HHH000204: Processing PersistenceUnitInfo [name: default]
2025-03-26T01:09:49.880+09:00  INFO 14900 --- [shop-app] [           main] org.hibernate.Version                    : HHH000412: Hibernate ORM core version 6.5.3.Final
2025-03-26T01:09:49.913+09:00  INFO 14900 --- [shop-app] [           main] o.h.c.internal.RegionFactoryInitiator    : HHH000026: Second-level cache disabled
2025-03-26T01:09:50.135+09:00  INFO 14900 --- [shop-app] [           main] o.s.o.j.p.SpringPersistenceUnitInfo      : No LoadTimeWeaver setup: ignoring JPA class transformer
2025-03-26T01:09:50.161+09:00  INFO 14900 --- [shop-app] [           main] com.zaxxer.hikari.HikariDataSource       : HikariPool-1 - Starting...
2025-03-26T01:09:50.298+09:00  INFO 14900 --- [shop-app] [           main] com.zaxxer.hikari.pool.HikariPool        : HikariPool-1 - Added connection conn0: url=jdbc:h2:mem:testdb user=SA
2025-03-26T01:09:50.299+09:00  INFO 14900 --- [shop-app] [           main] com.zaxxer.hikari.HikariDataSource       : HikariPool-1 - Start completed.
2025-03-26T01:09:51.071+09:00  INFO 14900 --- [shop-app] [           main] o.h.e.t.j.p.i.JtaPlatformInitiator       : HHH000489: No JTA platform available (set 'hibernate.transaction.jta.platform' to enable JTA platform integration)
Hibernate: drop table if exists brands cascade 
Hibernate: drop table if exists categories cascade 
Hibernate: drop table if exists products cascade 
Hibernate: create table brands (id bigint generated by default as identity, name varchar(255) not null unique, primary key (id))
Hibernate: create table categories (id bigint generated by default as identity, type enum ('ACCESSORY','BAG','HAT','OUTER','PANTS','SNEAKERS','SOCKS','TOP') not null unique, primary key (id))
Hibernate: create table products (price integer not null, brand_id bigint not null, category_id bigint not null, id bigint generated by default as identity, primary key (id), unique (brand_id, category_id))
Hibernate: alter table if exists products add constraint FKa3a4mpsfdf4d2y6r8ra3sc8mv foreign key (brand_id) references brands
Hibernate: alter table if exists products add constraint FKog2rp4qthbtt2lfyhfo32lsw9 foreign key (category_id) references categories
2025-03-26T01:09:51.113+09:00  INFO 14900 --- [shop-app] [           main] j.LocalContainerEntityManagerFactoryBean : Initialized JPA EntityManagerFactory for persistence unit 'default'
2025-03-26T01:09:51.683+09:00  WARN 14900 --- [shop-app] [           main] JpaBaseConfiguration$JpaWebConfiguration : spring.jpa.open-in-view is enabled by default. Therefore, database queries may be performed during view rendering. Explicitly configure spring.jpa.open-in-view to disable this warning
2025-03-26T01:09:51.955+09:00  INFO 14900 --- [shop-app] [           main] o.s.b.w.embedded.tomcat.TomcatWebServer  : Tomcat started on port 8080 (http) with context path '/'
2025-03-26T01:09:51.963+09:00  INFO 14900 --- [shop-app] [           main] com.shoptest.ShopTestApplicationKt       : Started ShopTestApplicationKt in 3.607 seconds (process running for 3.864)
Hibernate: insert into categories (type,id) values (?,default)
Hibernate: insert into categories (type,id) values (?,default)
Hibernate: insert into categories (type,id) values (?,default)
Hibernate: insert into categories (type,id) values (?,default)
Hibernate: insert into categories (type,id) values (?,default)
Hibernate: insert into categories (type,id) values (?,default)
Hibernate: insert into categories (type,id) values (?,default)
Hibernate: insert into categories (type,id) values (?,default)
Hibernate: insert into brands (name,id) values (?,default)
Hibernate: insert into brands (name,id) values (?,default)
Hibernate: insert into brands (name,id) values (?,default)
Hibernate: insert into brands (name,id) values (?,default)
Hibernate: insert into brands (name,id) values (?,default)
Hibernate: insert into brands (name,id) values (?,default)
Hibernate: insert into brands (name,id) values (?,default)
Hibernate: insert into brands (name,id) values (?,default)
Hibernate: insert into brands (name,id) values (?,default)
Hibernate: insert into products (brand_id,category_id,price,id) values (?,?,?,default)
Hibernate: insert into products (brand_id,category_id,price,id) values (?,?,?,default)
Hibernate: insert into products (brand_id,category_id,price,id) values (?,?,?,default)
Hibernate: insert into products (brand_id,category_id,price,id) values (?,?,?,default)
Hibernate: insert into products (brand_id,category_id,price,id) values (?,?,?,default)
Hibernate: insert into products (brand_id,category_id,price,id) values (?,?,?,default)
Hibernate: insert into products (brand_id,category_id,price,id) values (?,?,?,default)
Hibernate: insert into products (brand_id,category_id,price,id) values (?,?,?,default)
Hibernate: insert into products (brand_id,category_id,price,id) values (?,?,?,default)
Hibernate: insert into products (brand_id,category_id,price,id) values (?,?,?,default)
Hibernate: insert into products (brand_id,category_id,price,id) values (?,?,?,default)
Hibernate: insert into products (brand_id,category_id,price,id) values (?,?,?,default)
Hibernate: insert into products (brand_id,category_id,price,id) values (?,?,?,default)
Hibernate: insert into products (brand_id,category_id,price,id) values (?,?,?,default)
Hibernate: insert into products (brand_id,category_id,price,id) values (?,?,?,default)
Hibernate: insert into products (brand_id,category_id,price,id) values (?,?,?,default)
Hibernate: insert into products (brand_id,category_id,price,id) values (?,?,?,default)
Hibernate: insert into products (brand_id,category_id,price,id) values (?,?,?,default)
Hibernate: insert into products (brand_id,category_id,price,id) values (?,?,?,default)
Hibernate: insert into products (brand_id,category_id,price,id) values (?,?,?,default)
Hibernate: insert into products (brand_id,category_id,price,id) values (?,?,?,default)
Hibernate: insert into products (brand_id,category_id,price,id) values (?,?,?,default)
Hibernate: insert into products (brand_id,category_id,price,id) values (?,?,?,default)
Hibernate: insert into products (brand_id,category_id,price,id) values (?,?,?,default)
Hibernate: insert into products (brand_id,category_id,price,id) values (?,?,?,default)
Hibernate: insert into products (brand_id,category_id,price,id) values (?,?,?,default)
Hibernate: insert into products (brand_id,category_id,price,id) values (?,?,?,default)
Hibernate: insert into products (brand_id,category_id,price,id) values (?,?,?,default)
Hibernate: insert into products (brand_id,category_id,price,id) values (?,?,?,default)
Hibernate: insert into products (brand_id,category_id,price,id) values (?,?,?,default)
Hibernate: insert into products (brand_id,category_id,price,id) values (?,?,?,default)
Hibernate: insert into products (brand_id,category_id,price,id) values (?,?,?,default)
Hibernate: insert into products (brand_id,category_id,price,id) values (?,?,?,default)
Hibernate: insert into products (brand_id,category_id,price,id) values (?,?,?,default)
Hibernate: insert into products (brand_id,category_id,price,id) values (?,?,?,default)
Hibernate: insert into products (brand_id,category_id,price,id) values (?,?,?,default)
Hibernate: insert into products (brand_id,category_id,price,id) values (?,?,?,default)
Hibernate: insert into products (brand_id,category_id,price,id) values (?,?,?,default)
Hibernate: insert into products (brand_id,category_id,price,id) values (?,?,?,default)
Hibernate: insert into products (brand_id,category_id,price,id) values (?,?,?,default)
Hibernate: insert into products (brand_id,category_id,price,id) values (?,?,?,default)
Hibernate: insert into products (brand_id,category_id,price,id) values (?,?,?,default)
Hibernate: insert into products (brand_id,category_id,price,id) values (?,?,?,default)
Hibernate: insert into products (brand_id,category_id,price,id) values (?,?,?,default)
Hibernate: insert into products (brand_id,category_id,price,id) values (?,?,?,default)
Hibernate: insert into products (brand_id,category_id,price,id) values (?,?,?,default)
Hibernate: insert into products (brand_id,category_id,price,id) values (?,?,?,default)
Hibernate: insert into products (brand_id,category_id,price,id) values (?,?,?,default)
Hibernate: insert into products (brand_id,category_id,price,id) values (?,?,?,default)
Hibernate: insert into products (brand_id,category_id,price,id) values (?,?,?,default)
Hibernate: insert into products (brand_id,category_id,price,id) values (?,?,?,default)
Hibernate: insert into products (brand_id,category_id,price,id) values (?,?,?,default)
Hibernate: insert into products (brand_id,category_id,price,id) values (?,?,?,default)
Hibernate: insert into products (brand_id,category_id,price,id) values (?,?,?,default)
Hibernate: insert into products (brand_id,category_id,price,id) values (?,?,?,default)
Hibernate: insert into products (brand_id,category_id,price,id) values (?,?,?,default)
Hibernate: insert into products (brand_id,category_id,price,id) values (?,?,?,default)
Hibernate: insert into products (brand_id,category_id,price,id) values (?,?,?,default)
Hibernate: insert into products (brand_id,category_id,price,id) values (?,?,?,default)
Hibernate: insert into products (brand_id,category_id,price,id) values (?,?,?,default)
Hibernate: insert into products (brand_id,category_id,price,id) values (?,?,?,default)
Hibernate: insert into products (brand_id,category_id,price,id) values (?,?,?,default)
Hibernate: insert into products (brand_id,category_id,price,id) values (?,?,?,default)
Hibernate: insert into products (brand_id,category_id,price,id) values (?,?,?,default)
Hibernate: insert into products (brand_id,category_id,price,id) values (?,?,?,default)
Hibernate: insert into products (brand_id,category_id,price,id) values (?,?,?,default)
Hibernate: insert into products (brand_id,category_id,price,id) values (?,?,?,default)
Hibernate: insert into products (brand_id,category_id,price,id) values (?,?,?,default)
Hibernate: insert into products (brand_id,category_id,price,id) values (?,?,?,default)
Hibernate: insert into products (brand_id,category_id,price,id) values (?,?,?,default)
Hibernate: insert into products (brand_id,category_id,price,id) values (?,?,?,default)
Hibernate: insert into products (brand_id,category_id,price,id) values (?,?,?,default)
2025-03-26T01:10:17.851+09:00  INFO 14900 --- [shop-app] [nio-8080-exec-1] o.a.c.c.C.[Tomcat].[localhost].[/]       : Initializing Spring DispatcherServlet 'dispatcherServlet'
2025-03-26T01:10:17.851+09:00  INFO 14900 --- [shop-app] [nio-8080-exec-1] o.s.web.servlet.DispatcherServlet        : Initializing Servlet 'dispatcherServlet'
2025-03-26T01:10:17.853+09:00  INFO 14900 --- [shop-app] [nio-8080-exec-1] o.s.web.servlet.DispatcherServlet        : Completed initialization in 1 ms

> Task :bootRun FAILED

FAILURE: Build failed with an exception.

* What went wrong:
Execution failed for task ':bootRun'.
> Process 'command '/Users/yjh/.sdkman/candidates/java/21-tem/bin/java'' finished with non-zero exit value 137

* Try:
> Run with --stacktrace option to get the stack trace.
> Run with --info or --debug option to get more log output.
> Run with --scan to get full insights.
> Get more help at https://help.gradle.org.

BUILD FAILED in 2m 9s
5 actionable tasks: 2 executed, 3 up-to-date
